<?xml version="1.0" encoding="UTF-8"?>
<TestRun id="9240b029-38d1-46b1-9f20-1e48c27b43b6" name="Karl@JUMPERCAKE 2011-09-28 11:13:55" runUser="jumpercake\Karl" xmlns="http://microsoft.com/schemas/VisualStudio/TeamTest/2010">
  <TestSettings name="Default Test Settings" id="667cac43-2259-468d-aa9c-a35648f67b19">
    <Execution>
      <TestTypeSpecific />
      <AgentRule name="Execution Agents">
      </AgentRule>
    </Execution>
    <Deployment runDeploymentRoot="Karl_JUMPERCAKE 2011-09-28 11_13_55" />
  </TestSettings>
  <Times creation="2011-09-28T11:13:55.8150082+01:00" queuing="2011-09-28T11:13:56.3770403+01:00" start="2011-09-28T11:13:56.5850522+01:00" finish="2011-09-28T11:13:56.8930698+01:00" />
  <ResultSummary outcome="Completed">
    <Counters total="1" executed="1" passed="1" error="0" failed="0" timeout="0" aborted="0" inconclusive="0" passedButRunAborted="0" notRunnable="0" notExecuted="0" disconnected="0" warning="0" completed="0" inProgress="0" pending="0" />
  </ResultSummary>
  <TestDefinitions>
    <UnitTest name="ExchangeGrid" storage="f:\visual studio projects\dataview\dataview.tests\bin\debug\dataview.tests.dll" id="effff98d-6bd4-0b68-e702-784e95bc65d2">
      <Execution timeOut="1800000" id="1a48788e-62fa-4198-9006-21fb3bcbea39" />
      <TestMethod codeBase="F:/Visual Studio Projects/DataView/DataView.Tests/bin/Debug/DataView.Tests.DLL" adapterTypeName="Microsoft.VisualStudio.TestTools.TestTypes.Unit.UnitTestAdapter, Microsoft.VisualStudio.QualityTools.Tips.UnitTest.Adapter, Version=10.0.0.0, Culture=neutral, PublicKeyToken=b03f5f7f11d50a3a" className="DataView.Tests.Controllers.HomeControllerTest, DataView.Tests, Version=1.0.0.0, Culture=neutral, PublicKeyToken=null" name="ExchangeGrid" />
    </UnitTest>
  </TestDefinitions>
  <TestLists>
    <TestList name="Results Not in a List" id="8c84fa94-04c1-424b-9868-57a2d4851a1d" />
    <TestList name="All Loaded Results" id="19431567-8539-422a-85d7-44ee4e166bda" />
  </TestLists>
  <TestEntries>
    <TestEntry testId="effff98d-6bd4-0b68-e702-784e95bc65d2" executionId="1a48788e-62fa-4198-9006-21fb3bcbea39" testListId="8c84fa94-04c1-424b-9868-57a2d4851a1d" />
  </TestEntries>
  <Results>
    <UnitTestResult executionId="1a48788e-62fa-4198-9006-21fb3bcbea39" testId="effff98d-6bd4-0b68-e702-784e95bc65d2" testName="ExchangeGrid" computerName="JUMPERCAKE" duration="00:00:00.1024682" startTime="2011-09-28T11:13:56.6350551+01:00" endTime="2011-09-28T11:13:56.8080650+01:00" testType="13cdc9d9-ddb5-4fa4-a97d-d965ccfc6d4b" outcome="Passed" testListId="8c84fa94-04c1-424b-9868-57a2d4851a1d" relativeResultsDirectory="1a48788e-62fa-4198-9006-21fb3bcbea39">
      <Output>
        <StdOut>{"total":1,"page":1,"totalRecords":3,"rows":[{"id":1,"cell":["1","-7","Is this a good question?"]},{"id":2,"cell":["2","15","Is this a blatant ripoff?"]},{"id":3,"cell":["3","23","Why is the sky blue?"]}]}</StdOut>
      </Output>
    </UnitTestResult>
  </Results>
</TestRun>